<?xml version="1.0" encoding="UTF-8"?>
<testsuite xmlns:xsi="http://www.w3.org/2001/XMLSchema-instance" xsi:noNamespaceSchemaLocation="https://maven.apache.org/surefire/maven-surefire-plugin/xsd/surefire-test-report-3.0.xsd" version="3.0" name="examples.ExamplesTest" time="6.217" tests="1" errors="0" skipped="0" failures="1">
  <properties>
[...]
</properties>
  <testcase name="testParallel" classname="examples.ExamplesTest" time="6.182">
    <failure message="no step-definition method match found for: baseUrl&#10;classpath:examples/pets/pets.feature:4&#10;no step-definition method match found for: baseUrl&#10;classpath:examples/pets/pets.feature:4&#10;no step-definition method match found for: baseUrl&#10;classpath:examples/pets/pets.feature:4&#10;no step-definition method match found for: baseUrl&#10;classpath:examples/pets/pets.feature:4&#10;no step-definition method match found for: baseUrl&#10;classpath:examples/pets/pets.feature:4&#10;no step-definition method match found for: baseUrl&#10;classpath:examples/pets/pets.feature:4&#10;no step-definition method match found for: baseUrl&#10;classpath:examples/pets/pets.feature:4&#10;no step-definition method match found for: baseUrl&#10;classpath:examples/pets/pets.feature:4&#10;no step-definition method match found for: baseUrl&#10;classpath:examples/pets/pets.feature:4 ==&gt; expected: &lt;0&gt; but was: &lt;9&gt;" type="org.opentest4j.AssertionFailedError"><![CDATA[org.opentest4j.AssertionFailedError: 
no step-definition method match found for: baseUrl
classpath:examples/pets/pets.feature:4
no step-definition method match found for: baseUrl
classpath:examples/pets/pets.feature:4
no step-definition method match found for: baseUrl
classpath:examples/pets/pets.feature:4
no step-definition method match found for: baseUrl
classpath:examples/pets/pets.feature:4
no step-definition method match found for: baseUrl
classpath:examples/pets/pets.feature:4
no step-definition method match found for: baseUrl
classpath:examples/pets/pets.feature:4
no step-definition method match found for: baseUrl
classpath:examples/pets/pets.feature:4
no step-definition method match found for: baseUrl
classpath:examples/pets/pets.feature:4
no step-definition method match found for: baseUrl
classpath:examples/pets/pets.feature:4 ==> expected: <0> but was: <9>
	at org.junit.jupiter.api.AssertionFailureBuilder.build(AssertionFailureBuilder.java:151)
	at org.junit.jupiter.api.AssertionFailureBuilder.buildAndThrow(AssertionFailureBuilder.java:132)
	at org.junit.jupiter.api.AssertEquals.failNotEqual(AssertEquals.java:197)
	at org.junit.jupiter.api.AssertEquals.assertEquals(AssertEquals.java:150)
	at org.junit.jupiter.api.Assertions.assertEquals(Assertions.java:560)
	at examples.ExamplesTest.testParallel(ExamplesTest.java:15)
	at java.base/jdk.internal.reflect.DirectMethodHandleAccessor.invoke(DirectMethodHandleAccessor.java:103)
	at java.base/java.lang.reflect.Method.invoke(Method.java:580)
	at org.junit.platform.commons.util.ReflectionUtils.invokeMethod(ReflectionUtils.java:727)
	at org.junit.jupiter.engine.execution.MethodInvocation.proceed(MethodInvocation.java:60)
	at org.junit.jupiter.engine.execution.InvocationInterceptorChain$ValidatingInvocation.proceed(InvocationInterceptorChain.java:131)
	at org.junit.jupiter.engine.extension.TimeoutExtension.intercept(TimeoutExtension.java:156)
	at org.junit.jupiter.engine.extension.TimeoutExtension.interceptTestableMethod(TimeoutExtension.java:147)
	at org.junit.jupiter.engine.extension.TimeoutExtension.interceptTestMethod(TimeoutExtension.java:86)
	at org.junit.jupiter.engine.execution.InterceptingExecutableInvoker$ReflectiveInterceptorCall.lambda$ofVoidMethod$0(InterceptingExecutableInvoker.java:103)
	at org.junit.jupiter.engine.execution.InterceptingExecutableInvoker.lambda$invoke$0(InterceptingExecutableInvoker.java:93)
	at org.junit.jupiter.engine.execution.InvocationInterceptorChain$InterceptedInvocation.proceed(InvocationInterceptorChain.java:106)
	at org.junit.jupiter.engine.execution.InvocationInterceptorChain.proceed(InvocationInterceptorChain.java:64)
	at org.junit.jupiter.engine.execution.InvocationInterceptorChain.chainAndInvoke(InvocationInterceptorChain.java:45)
	at org.junit.jupiter.engine.execution.InvocationInterceptorChain.invoke(InvocationInterceptorChain.java:37)
	at org.junit.jupiter.engine.execution.InterceptingExecutableInvoker.invoke(InterceptingExecutableInvoker.java:92)
	at org.junit.jupiter.engine.execution.InterceptingExecutableInvoker.invoke(InterceptingExecutableInvoker.java:86)
	at org.junit.jupiter.engine.descriptor.TestMethodTestDescriptor.lambda$invokeTestMethod$7(TestMethodTestDescriptor.java:217)
	at org.junit.platform.engine.support.hierarchical.ThrowableCollector.execute(ThrowableCollector.java:73)
	at org.junit.jupiter.engine.descriptor.TestMethodTestDescriptor.invokeTestMethod(TestMethodTestDescriptor.java:213)
	at org.junit.jupiter.engine.descriptor.TestMethodTestDescriptor.execute(TestMethodTestDescriptor.java:138)
	at org.junit.jupiter.engine.descriptor.TestMethodTestDescriptor.execute(TestMethodTestDescriptor.java:68)
	at org.junit.platform.engine.support.hierarchical.NodeTestTask.lambda$executeRecursively$6(NodeTestTask.java:151)
	at org.junit.platform.engine.support.hierarchical.ThrowableCollector.execute(ThrowableCollector.java:73)
	at org.junit.platform.engine.support.hierarchical.NodeTestTask.lambda$executeRecursively$8(NodeTestTask.java:141)
	at org.junit.platform.engine.support.hierarchical.Node.around(Node.java:137)
	at org.junit.platform.engine.support.hierarchical.NodeTestTask.lambda$executeRecursively$9(NodeTestTask.java:139)
	at org.junit.platform.engine.support.hierarchical.ThrowableCollector.execute(ThrowableCollector.java:73)
	at org.junit.platform.engine.support.hierarchical.NodeTestTask.executeRecursively(NodeTestTask.java:138)
	at org.junit.platform.engine.support.hierarchical.NodeTestTask.execute(NodeTestTask.java:95)
	at java.base/java.util.ArrayList.forEach(ArrayList.java:1596)
	at org.junit.platform.engine.support.hierarchical.SameThreadHierarchicalTestExecutorService.invokeAll(SameThreadHierarchicalTestExecutorService.java:41)
	at org.junit.platform.engine.support.hierarchical.NodeTestTask.lambda$executeRecursively$6(NodeTestTask.java:155)
	at org.junit.platform.engine.support.hierarchical.ThrowableCollector.execute(ThrowableCollector.java:73)
	at org.junit.platform.engine.support.hierarchical.NodeTestTask.lambda$executeRecursively$8(NodeTestTask.java:141)
	at org.junit.platform.engine.support.hierarchical.Node.around(Node.java:137)
	at org.junit.platform.engine.support.hierarchical.NodeTestTask.lambda$executeRecursively$9(NodeTestTask.java:139)
	at org.junit.platform.engine.support.hierarchical.ThrowableCollector.execute(ThrowableCollector.java:73)
	at org.junit.platform.engine.support.hierarchical.NodeTestTask.executeRecursively(NodeTestTask.java:138)
	at org.junit.platform.engine.support.hierarchical.NodeTestTask.execute(NodeTestTask.java:95)
	at java.base/java.util.ArrayList.forEach(ArrayList.java:1596)
	at org.junit.platform.engine.support.hierarchical.SameThreadHierarchicalTestExecutorService.invokeAll(SameThreadHierarchicalTestExecutorService.java:41)
	at org.junit.platform.engine.support.hierarchical.NodeTestTask.lambda$executeRecursively$6(NodeTestTask.java:155)
	at org.junit.platform.engine.support.hierarchical.ThrowableCollector.execute(ThrowableCollector.java:73)
	at org.junit.platform.engine.support.hierarchical.NodeTestTask.lambda$executeRecursively$8(NodeTestTask.java:141)
	at org.junit.platform.engine.support.hierarchical.Node.around(Node.java:137)
	at org.junit.platform.engine.support.hierarchical.NodeTestTask.lambda$executeRecursively$9(NodeTestTask.java:139)
	at org.junit.platform.engine.support.hierarchical.ThrowableCollector.execute(ThrowableCollector.java:73)
	at org.junit.platform.engine.support.hierarchical.NodeTestTask.executeRecursively(NodeTestTask.java:138)
	at org.junit.platform.engine.support.hierarchical.NodeTestTask.execute(NodeTestTask.java:95)
	at org.junit.platform.engine.support.hierarchical.SameThreadHierarchicalTestExecutorService.submit(SameThreadHierarchicalTestExecutorService.java:35)
	at org.junit.platform.engine.support.hierarchical.HierarchicalTestExecutor.execute(HierarchicalTestExecutor.java:57)
	at org.junit.platform.engine.support.hierarchical.HierarchicalTestEngine.execute(HierarchicalTestEngine.java:54)
	at org.junit.platform.launcher.core.EngineExecutionOrchestrator.execute(EngineExecutionOrchestrator.java:147)
	at org.junit.platform.launcher.core.EngineExecutionOrchestrator.execute(EngineExecutionOrchestrator.java:127)
	at org.junit.platform.launcher.core.EngineExecutionOrchestrator.execute(EngineExecutionOrchestrator.java:90)
	at org.junit.platform.launcher.core.EngineExecutionOrchestrator.lambda$execute$0(EngineExecutionOrchestrator.java:55)
	at org.junit.platform.launcher.core.EngineExecutionOrchestrator.withInterceptedStreams(EngineExecutionOrchestrator.java:102)
	at org.junit.platform.launcher.core.EngineExecutionOrchestrator.execute(EngineExecutionOrchestrator.java:54)
	at org.junit.platform.launcher.core.DefaultLauncher.execute(DefaultLauncher.java:114)
	at org.junit.platform.launcher.core.DefaultLauncher.execute(DefaultLauncher.java:86)
	at org.junit.platform.launcher.core.DefaultLauncherSession$DelegatingLauncher.execute(DefaultLauncherSession.java:86)
	at org.apache.maven.surefire.junitplatform.LazyLauncher.execute(LazyLauncher.java:50)
	at org.apache.maven.surefire.junitplatform.JUnitPlatformProvider.execute(JUnitPlatformProvider.java:184)
	at org.apache.maven.surefire.junitplatform.JUnitPlatformProvider.invokeAllTests(JUnitPlatformProvider.java:148)
	at org.apache.maven.surefire.junitplatform.JUnitPlatformProvider.invoke(JUnitPlatformProvider.java:122)
	at org.apache.maven.surefire.booter.ForkedBooter.runSuitesInProcess(ForkedBooter.java:385)
	at org.apache.maven.surefire.booter.ForkedBooter.execute(ForkedBooter.java:162)
	at org.apache.maven.surefire.booter.ForkedBooter.run(ForkedBooter.java:507)
	at org.apache.maven.surefire.booter.ForkedBooter.main(ForkedBooter.java:495)
]]></failure>
    <system-out><![CDATA[23:38:44.279 [main] INFO  com.intuit.karate.Runner - using system property 'karate.env': dev
23:38:45.641 [main] DEBUG com.intuit.karate.Suite - [config] classpath:karate-config.js
23:38:45.655 [main] WARN  com.intuit.karate.Suite - failed to backup existing dir: target\karate-reports
23:38:47.732 [pool-2-thread-1] INFO  com.intuit.karate - karate.env system property was: dev 
23:38:47.732 [pool-2-thread-5] INFO  com.intuit.karate - karate.env system property was: dev 
23:38:47.732 [pool-2-thread-2] INFO  com.intuit.karate - karate.env system property was: dev 
23:38:47.732 [pool-2-thread-3] INFO  com.intuit.karate - karate.env system property was: dev 
23:38:47.732 [pool-2-thread-4] INFO  com.intuit.karate - karate.env system property was: dev 
23:38:47.806 [pool-2-thread-2] ERROR com.intuit.karate - classpath:examples/pets/pets.feature:4
* baseUrl
no step-definition method match found for: baseUrl
classpath:examples/pets/pets.feature:4
23:38:47.807 [pool-2-thread-5] ERROR com.intuit.karate - classpath:examples/pets/pets.feature:4
* baseUrl
no step-definition method match found for: baseUrl
classpath:examples/pets/pets.feature:4
23:38:47.808 [pool-2-thread-1] ERROR com.intuit.karate - classpath:examples/pets/pets.feature:4
* baseUrl
no step-definition method match found for: baseUrl
classpath:examples/pets/pets.feature:4
23:38:47.806 [pool-2-thread-4] ERROR com.intuit.karate - classpath:examples/pets/pets.feature:4
* baseUrl
no step-definition method match found for: baseUrl
classpath:examples/pets/pets.feature:4
23:38:47.807 [pool-2-thread-3] ERROR com.intuit.karate - classpath:examples/pets/pets.feature:4
* baseUrl
no step-definition method match found for: baseUrl
classpath:examples/pets/pets.feature:4
23:38:47.856 [pool-2-thread-5] INFO  com.intuit.karate - karate.env system property was: dev 
23:38:47.856 [pool-2-thread-3] INFO  com.intuit.karate - karate.env system property was: dev 
23:38:47.861 [pool-2-thread-3] ERROR com.intuit.karate - classpath:examples/pets/pets.feature:4
* baseUrl
no step-definition method match found for: baseUrl
classpath:examples/pets/pets.feature:4
23:38:47.861 [pool-2-thread-5] ERROR com.intuit.karate - classpath:examples/pets/pets.feature:4
* baseUrl
no step-definition method match found for: baseUrl
classpath:examples/pets/pets.feature:4
23:38:47.864 [pool-2-thread-4] INFO  com.intuit.karate - karate.env system property was: dev 
23:38:47.873 [pool-2-thread-4] ERROR com.intuit.karate - classpath:examples/pets/pets.feature:4
* baseUrl
no step-definition method match found for: baseUrl
classpath:examples/pets/pets.feature:4
23:38:47.882 [pool-2-thread-1] INFO  com.intuit.karate - karate.env system property was: dev 
23:38:47.888 [pool-2-thread-1] ERROR com.intuit.karate - classpath:examples/pets/pets.feature:4
* baseUrl
no step-definition method match found for: baseUrl
classpath:examples/pets/pets.feature:4
---------------------------------------------------------
feature: classpath:examples/pets/pets.feature
scenarios:  9 | passed:  0 | failed:  9 | time: 0,0000
---------------------------------------------------------

23:38:49.547 [pool-3-thread-1] INFO  com.intuit.karate.Suite - <<fail>> feature 1 of 1 (0 remaining) classpath:examples/pets/pets.feature
Karate version: 1.4.1 | env: dev
======================================================
elapsed:   5,29 | threads:    5 | thread time: 0,00 
features:     1 | skipped:    0 | efficiency: 0,00
scenarios:    9 | passed:     0 | failed: 9
======================================================
>>> failed features:
no step-definition method match found for: baseUrl
classpath:examples/pets/pets.feature:4
no step-definition method match found for: baseUrl
classpath:examples/pets/pets.feature:4
no step-definition method match found for: baseUrl
classpath:examples/pets/pets.feature:4
no step-definition method match found for: baseUrl
classpath:examples/pets/pets.feature:4
no step-definition method match found for: baseUrl
classpath:examples/pets/pets.feature:4
no step-definition method match found for: baseUrl
classpath:examples/pets/pets.feature:4
no step-definition method match found for: baseUrl
classpath:examples/pets/pets.feature:4
no step-definition method match found for: baseUrl
classpath:examples/pets/pets.feature:4
no step-definition method match found for: baseUrl
classpath:examples/pets/pets.feature:4
<<<

HTML report: (paste into browser to view) | Karate version: 1.4.1 | env: dev
file:///D:/Eduardo/Automation/karate/api-karate-test-automation/target/karate-reports/karate-summary.html
===================================================================

]]></system-out>
  </testcase>
</testsuite>